app/build/intermediates/manifest_merge_blame_file/debug/processDebugMainManifest/manifest-merger-blame-debug-report.txt
1<?xml version="1.0" encoding="utf-8"?>
2<manifest xmlns:android="http://schemas.android.com/apk/res/android"
3    package="ucacue.edu.udipsai"
4    android:versionCode="1"
5    android:versionName="1.0" >
6
7    <uses-sdk
7-->src/main/AndroidManifest.xml:4:5-68
8        android:minSdkVersion="23"
9        android:targetSdkVersion="34" />
10
11    <uses-permission android:name="android.permission.INTERNET" />
11-->src/main/AndroidManifest.xml:6:5-66
11-->src/main/AndroidManifest.xml:6:22-64
12    <uses-permission android:name="android.permission.POST_NOTIFICATIONS" />
12-->src/main/AndroidManifest.xml:7:5-77
12-->src/main/AndroidManifest.xml:7:22-74
13    <uses-permission android:name="android.permission.FOREGROUND_SERVICE" />
13-->src/main/AndroidManifest.xml:8:5-77
13-->src/main/AndroidManifest.xml:8:22-74
14    <uses-permission android:name="android.permission.FOREGROUND_SERVICE_REMOTE_MESSAGING" />
14-->src/main/AndroidManifest.xml:9:5-94
14-->src/main/AndroidManifest.xml:9:22-91
15    <uses-permission android:name="android.permission.FOREGROUND_SERVICE_CONNECTED_DEVICE" />
15-->src/main/AndroidManifest.xml:10:5-94
15-->src/main/AndroidManifest.xml:10:22-91
16    <!-- <= 30 + Xiaomi/MIUI -->
17    <uses-permission
17-->src/main/AndroidManifest.xml:12:5-94
18        android:name="android.permission.BLUETOOTH"
18-->src/main/AndroidManifest.xml:12:22-65
19        android:maxSdkVersion="32" />
19-->src/main/AndroidManifest.xml:12:66-92
20    <uses-permission
20-->src/main/AndroidManifest.xml:13:5-100
21        android:name="android.permission.BLUETOOTH_ADMIN"
21-->src/main/AndroidManifest.xml:13:22-71
22        android:maxSdkVersion="30" />
22-->src/main/AndroidManifest.xml:13:72-98
23    <!-- >= API 31 -->
24    <uses-permission android:name="android.permission.BLUETOOTH_CONNECT" />
24-->src/main/AndroidManifest.xml:15:5-75
24-->src/main/AndroidManifest.xml:15:22-73
25    <uses-permission android:name="android.permission.WRITE_EXTERNAL_STORAGE" />
25-->src/main/AndroidManifest.xml:17:5-80
25-->src/main/AndroidManifest.xml:17:22-78
26    <uses-permission android:name="android.permission.READ_EXTERNAL_STORAGE" />
26-->src/main/AndroidManifest.xml:18:5-79
26-->src/main/AndroidManifest.xml:18:22-77
27    <uses-permission android:name="android.permission.ACCESS_NETWORK_STATE" />
27-->[com.google.firebase:firebase-auth:23.2.0] AndroidManifest.xml:26:5-79
27-->[com.google.firebase:firebase-auth:23.2.0] AndroidManifest.xml:26:22-76
28    <uses-permission android:name="com.google.android.providers.gsf.permission.READ_GSERVICES" />
28-->[com.google.android.recaptcha:recaptcha:18.6.1] AndroidManifest.xml:9:5-98
28-->[com.google.android.recaptcha:recaptcha:18.6.1] AndroidManifest.xml:9:22-95
29
30    <permission
30-->[androidx.core:core:1.9.0] AndroidManifest.xml:22:5-24:47
31        android:name="ucacue.edu.udipsai.DYNAMIC_RECEIVER_NOT_EXPORTED_PERMISSION"
31-->[androidx.core:core:1.9.0] AndroidManifest.xml:23:9-81
32        android:protectionLevel="signature" />
32-->[androidx.core:core:1.9.0] AndroidManifest.xml:24:9-44
33
34    <uses-permission android:name="ucacue.edu.udipsai.DYNAMIC_RECEIVER_NOT_EXPORTED_PERMISSION" /> <!-- mipmap/ic_launcher created with Android Studio -> New -> Image Asset using @color/colorPrimaryDark as background color -->
34-->[androidx.core:core:1.9.0] AndroidManifest.xml:26:5-97
34-->[androidx.core:core:1.9.0] AndroidManifest.xml:26:22-94
35    <application
35-->src/main/AndroidManifest.xml:21:5-102:19
36        android:appComponentFactory="androidx.core.app.CoreComponentFactory"
36-->[androidx.core:core:1.9.0] AndroidManifest.xml:28:18-86
37        android:debuggable="true"
38        android:extractNativeLibs="false"
39        android:hasCode="true"
39-->src/main/AndroidManifest.xml:25:9-31
40        android:icon="@mipmap/ic_launcher"
40-->src/main/AndroidManifest.xml:22:9-43
41        android:label="@string/app_name"
41-->src/main/AndroidManifest.xml:23:9-41
42        android:testOnly="true"
43        android:theme="@style/AppTheme" >
43-->src/main/AndroidManifest.xml:24:9-40
44
45        <!-- Add metadata for assets directories -->
46        <meta-data
46-->src/main/AndroidManifest.xml:29:9-31:38
47            android:name="android.assets_directories"
47-->src/main/AndroidManifest.xml:30:13-54
48            android:value="assets" />
48-->src/main/AndroidManifest.xml:31:13-35
49
50        <activity
50-->src/main/AndroidManifest.xml:33:9-42:20
51            android:name="ucacue.edu.udipsai.UI.login.LoginActivity"
51-->src/main/AndroidManifest.xml:34:13-51
52            android:exported="true"
52-->src/main/AndroidManifest.xml:37:13-36
53            android:screenOrientation="landscape"
53-->src/main/AndroidManifest.xml:35:13-50
54            android:windowSoftInputMode="stateHidden|adjustResize" >
54-->src/main/AndroidManifest.xml:36:13-67
55            <intent-filter>
55-->src/main/AndroidManifest.xml:38:13-41:29
56                <action android:name="android.intent.action.MAIN" />
56-->src/main/AndroidManifest.xml:39:17-69
56-->src/main/AndroidManifest.xml:39:25-66
57
58                <category android:name="android.intent.category.LAUNCHER" />
58-->src/main/AndroidManifest.xml:40:17-77
58-->src/main/AndroidManifest.xml:40:27-74
59            </intent-filter>
60        </activity>
61
62        <!-- Rest of your activities remain unchanged -->
63        <activity
63-->src/main/AndroidManifest.xml:45:9-48:38
64            android:name="ucacue.edu.udipsai.UI.register.RegisterActivity"
64-->src/main/AndroidManifest.xml:46:13-57
65            android:exported="true"
65-->src/main/AndroidManifest.xml:48:13-36
66            android:screenOrientation="landscape" />
66-->src/main/AndroidManifest.xml:47:13-50
67        <activity
67-->src/main/AndroidManifest.xml:50:9-53:38
68            android:name="ucacue.edu.udipsai.UI.home.HomePage"
68-->src/main/AndroidManifest.xml:51:13-45
69            android:exported="true"
69-->src/main/AndroidManifest.xml:53:13-36
70            android:screenOrientation="landscape" />
70-->src/main/AndroidManifest.xml:52:13-50
71        <activity
71-->src/main/AndroidManifest.xml:55:9-58:38
72            android:name="ucacue.edu.udipsai.UI.listpage.ListPatient"
72-->src/main/AndroidManifest.xml:56:13-52
73            android:exported="true"
73-->src/main/AndroidManifest.xml:58:13-36
74            android:screenOrientation="landscape" />
74-->src/main/AndroidManifest.xml:57:13-50
75        <activity
75-->src/main/AndroidManifest.xml:60:9-63:38
76            android:name="ucacue.edu.udipsai.UI.pdf.Pdf"
76-->src/main/AndroidManifest.xml:61:13-39
77            android:exported="true"
77-->src/main/AndroidManifest.xml:63:13-36
78            android:screenOrientation="landscape" />
78-->src/main/AndroidManifest.xml:62:13-50
79        <activity
79-->src/main/AndroidManifest.xml:66:9-70:38
80            android:name="ucacue.edu.udipsai.UI.patient.PatientHome"
80-->src/main/AndroidManifest.xml:67:13-51
81            android:exported="true"
81-->src/main/AndroidManifest.xml:70:13-36
82            android:screenOrientation="landscape"
82-->src/main/AndroidManifest.xml:68:13-50
83            android:windowSoftInputMode="adjustResize" />
83-->src/main/AndroidManifest.xml:69:13-55
84
85        <!-- Pages of Test -->
86        <activity
86-->src/main/AndroidManifest.xml:73:9-76:38
87            android:name="ucacue.edu.udipsai.UI.test.HomeTest"
87-->src/main/AndroidManifest.xml:74:13-45
88            android:exported="true"
88-->src/main/AndroidManifest.xml:76:13-36
89            android:screenOrientation="landscape" />
89-->src/main/AndroidManifest.xml:75:13-50
90        <activity
90-->src/main/AndroidManifest.xml:78:9-81:38
91            android:name="ucacue.edu.udipsai.UI.test.test_Monotonia"
91-->src/main/AndroidManifest.xml:79:13-51
92            android:exported="true"
92-->src/main/AndroidManifest.xml:81:13-36
93            android:screenOrientation="landscape" />
93-->src/main/AndroidManifest.xml:80:13-50
94        <activity
94-->src/main/AndroidManifest.xml:83:9-86:38
95            android:name="ucacue.edu.udipsai.UI.test.test_Riel"
95-->src/main/AndroidManifest.xml:84:13-46
96            android:exported="true"
96-->src/main/AndroidManifest.xml:86:13-36
97            android:screenOrientation="landscape" />
97-->src/main/AndroidManifest.xml:85:13-50
98        <activity
98-->src/main/AndroidManifest.xml:88:9-91:38
99            android:name="ucacue.edu.udipsai.UI.test.test_Palanca"
99-->src/main/AndroidManifest.xml:89:13-49
100            android:exported="true"
100-->src/main/AndroidManifest.xml:91:13-36
101            android:screenOrientation="landscape" />
101-->src/main/AndroidManifest.xml:90:13-50
102        <activity
102-->src/main/AndroidManifest.xml:93:9-96:38
103            android:name="ucacue.edu.udipsai.UI.test.test_Bennett"
103-->src/main/AndroidManifest.xml:94:13-49
104            android:exported="true"
104-->src/main/AndroidManifest.xml:96:13-36
105            android:screenOrientation="landscape" />
105-->src/main/AndroidManifest.xml:95:13-50
106
107        <service
107-->src/main/AndroidManifest.xml:98:9-101:39
108            android:name="ucacue.edu.udipsai.Services.SerialService"
108-->src/main/AndroidManifest.xml:99:13-51
109            android:exported="false"
109-->src/main/AndroidManifest.xml:101:13-37
110            android:foregroundServiceType="remoteMessaging|connectedDevice" />
110-->src/main/AndroidManifest.xml:100:13-76
111
112        <activity
112-->[com.google.firebase:firebase-auth:23.2.0] AndroidManifest.xml:29:9-46:20
113            android:name="com.google.firebase.auth.internal.GenericIdpActivity"
113-->[com.google.firebase:firebase-auth:23.2.0] AndroidManifest.xml:30:13-80
114            android:excludeFromRecents="true"
114-->[com.google.firebase:firebase-auth:23.2.0] AndroidManifest.xml:31:13-46
115            android:exported="true"
115-->[com.google.firebase:firebase-auth:23.2.0] AndroidManifest.xml:32:13-36
116            android:launchMode="singleTask"
116-->[com.google.firebase:firebase-auth:23.2.0] AndroidManifest.xml:33:13-44
117            android:theme="@android:style/Theme.Translucent.NoTitleBar" >
117-->[com.google.firebase:firebase-auth:23.2.0] AndroidManifest.xml:34:13-72
118            <intent-filter>
118-->[com.google.firebase:firebase-auth:23.2.0] AndroidManifest.xml:35:13-45:29
119                <action android:name="android.intent.action.VIEW" />
119-->[com.google.firebase:firebase-auth:23.2.0] AndroidManifest.xml:36:17-69
119-->[com.google.firebase:firebase-auth:23.2.0] AndroidManifest.xml:36:25-66
120
121                <category android:name="android.intent.category.DEFAULT" />
121-->[com.google.firebase:firebase-auth:23.2.0] AndroidManifest.xml:38:17-76
121-->[com.google.firebase:firebase-auth:23.2.0] AndroidManifest.xml:38:27-73
122                <category android:name="android.intent.category.BROWSABLE" />
122-->[com.google.firebase:firebase-auth:23.2.0] AndroidManifest.xml:39:17-78
122-->[com.google.firebase:firebase-auth:23.2.0] AndroidManifest.xml:39:27-75
123
124                <data
124-->[com.google.firebase:firebase-auth:23.2.0] AndroidManifest.xml:41:17-44:51
125                    android:host="firebase.auth"
125-->[com.google.firebase:firebase-auth:23.2.0] AndroidManifest.xml:42:21-49
126                    android:path="/"
126-->[com.google.firebase:firebase-auth:23.2.0] AndroidManifest.xml:43:21-37
127                    android:scheme="genericidp" />
127-->[com.google.firebase:firebase-auth:23.2.0] AndroidManifest.xml:44:21-48
128            </intent-filter>
129        </activity>
130        <activity
130-->[com.google.firebase:firebase-auth:23.2.0] AndroidManifest.xml:47:9-64:20
131            android:name="com.google.firebase.auth.internal.RecaptchaActivity"
131-->[com.google.firebase:firebase-auth:23.2.0] AndroidManifest.xml:48:13-79
132            android:excludeFromRecents="true"
132-->[com.google.firebase:firebase-auth:23.2.0] AndroidManifest.xml:49:13-46
133            android:exported="true"
133-->[com.google.firebase:firebase-auth:23.2.0] AndroidManifest.xml:50:13-36
134            android:launchMode="singleTask"
134-->[com.google.firebase:firebase-auth:23.2.0] AndroidManifest.xml:51:13-44
135            android:theme="@android:style/Theme.Translucent.NoTitleBar" >
135-->[com.google.firebase:firebase-auth:23.2.0] AndroidManifest.xml:52:13-72
136            <intent-filter>
136-->[com.google.firebase:firebase-auth:23.2.0] AndroidManifest.xml:53:13-63:29
137                <action android:name="android.intent.action.VIEW" />
137-->[com.google.firebase:firebase-auth:23.2.0] AndroidManifest.xml:36:17-69
137-->[com.google.firebase:firebase-auth:23.2.0] AndroidManifest.xml:36:25-66
138
139                <category android:name="android.intent.category.DEFAULT" />
139-->[com.google.firebase:firebase-auth:23.2.0] AndroidManifest.xml:38:17-76
139-->[com.google.firebase:firebase-auth:23.2.0] AndroidManifest.xml:38:27-73
140                <category android:name="android.intent.category.BROWSABLE" />
140-->[com.google.firebase:firebase-auth:23.2.0] AndroidManifest.xml:39:17-78
140-->[com.google.firebase:firebase-auth:23.2.0] AndroidManifest.xml:39:27-75
141
142                <data
142-->[com.google.firebase:firebase-auth:23.2.0] AndroidManifest.xml:41:17-44:51
143                    android:host="firebase.auth"
143-->[com.google.firebase:firebase-auth:23.2.0] AndroidManifest.xml:42:21-49
144                    android:path="/"
144-->[com.google.firebase:firebase-auth:23.2.0] AndroidManifest.xml:43:21-37
145                    android:scheme="recaptcha" />
145-->[com.google.firebase:firebase-auth:23.2.0] AndroidManifest.xml:44:21-48
146            </intent-filter>
147        </activity>
148
149        <service
149-->[com.google.firebase:firebase-auth:23.2.0] AndroidManifest.xml:66:9-72:19
150            android:name="com.google.firebase.components.ComponentDiscoveryService"
150-->[com.google.firebase:firebase-auth:23.2.0] AndroidManifest.xml:67:13-84
151            android:directBootAware="true"
151-->[com.google.firebase:firebase-common:21.0.0] AndroidManifest.xml:32:13-43
152            android:exported="false" >
152-->[com.google.firebase:firebase-auth:23.2.0] AndroidManifest.xml:68:13-37
153            <meta-data
153-->[com.google.firebase:firebase-auth:23.2.0] AndroidManifest.xml:69:13-71:85
154                android:name="com.google.firebase.components:com.google.firebase.auth.FirebaseAuthRegistrar"
154-->[com.google.firebase:firebase-auth:23.2.0] AndroidManifest.xml:70:17-109
155                android:value="com.google.firebase.components.ComponentRegistrar" />
155-->[com.google.firebase:firebase-auth:23.2.0] AndroidManifest.xml:71:17-82
156            <meta-data
156-->[com.google.firebase:firebase-firestore:25.1.2] AndroidManifest.xml:17:13-19:85
157                android:name="com.google.firebase.components:com.google.firebase.firestore.FirebaseFirestoreKtxRegistrar"
157-->[com.google.firebase:firebase-firestore:25.1.2] AndroidManifest.xml:18:17-122
158                android:value="com.google.firebase.components.ComponentRegistrar" />
158-->[com.google.firebase:firebase-firestore:25.1.2] AndroidManifest.xml:19:17-82
159            <meta-data
159-->[com.google.firebase:firebase-firestore:25.1.2] AndroidManifest.xml:20:13-22:85
160                android:name="com.google.firebase.components:com.google.firebase.firestore.FirestoreRegistrar"
160-->[com.google.firebase:firebase-firestore:25.1.2] AndroidManifest.xml:21:17-111
161                android:value="com.google.firebase.components.ComponentRegistrar" />
161-->[com.google.firebase:firebase-firestore:25.1.2] AndroidManifest.xml:22:17-82
162            <meta-data
162-->[com.google.firebase:firebase-common-ktx:21.0.0] AndroidManifest.xml:12:13-14:85
163                android:name="com.google.firebase.components:com.google.firebase.ktx.FirebaseCommonLegacyRegistrar"
163-->[com.google.firebase:firebase-common-ktx:21.0.0] AndroidManifest.xml:13:17-116
164                android:value="com.google.firebase.components.ComponentRegistrar" />
164-->[com.google.firebase:firebase-common-ktx:21.0.0] AndroidManifest.xml:14:17-82
165            <meta-data
165-->[com.google.firebase:firebase-common:21.0.0] AndroidManifest.xml:35:13-37:85
166                android:name="com.google.firebase.components:com.google.firebase.FirebaseCommonKtxRegistrar"
166-->[com.google.firebase:firebase-common:21.0.0] AndroidManifest.xml:36:17-109
167                android:value="com.google.firebase.components.ComponentRegistrar" />
167-->[com.google.firebase:firebase-common:21.0.0] AndroidManifest.xml:37:17-82
168        </service>
169
170        <provider
170-->[com.google.firebase:firebase-common:21.0.0] AndroidManifest.xml:23:9-28:39
171            android:name="com.google.firebase.provider.FirebaseInitProvider"
171-->[com.google.firebase:firebase-common:21.0.0] AndroidManifest.xml:24:13-77
172            android:authorities="ucacue.edu.udipsai.firebaseinitprovider"
172-->[com.google.firebase:firebase-common:21.0.0] AndroidManifest.xml:25:13-72
173            android:directBootAware="true"
173-->[com.google.firebase:firebase-common:21.0.0] AndroidManifest.xml:26:13-43
174            android:exported="false"
174-->[com.google.firebase:firebase-common:21.0.0] AndroidManifest.xml:27:13-37
175            android:initOrder="100" />
175-->[com.google.firebase:firebase-common:21.0.0] AndroidManifest.xml:28:13-36
176
177        <service
177-->[androidx.credentials:credentials-play-services-auth:1.2.0-rc01] AndroidManifest.xml:24:9-32:19
178            android:name="androidx.credentials.playservices.CredentialProviderMetadataHolder"
178-->[androidx.credentials:credentials-play-services-auth:1.2.0-rc01] AndroidManifest.xml:25:13-94
179            android:enabled="true"
179-->[androidx.credentials:credentials-play-services-auth:1.2.0-rc01] AndroidManifest.xml:26:13-35
180            android:exported="false" >
180-->[androidx.credentials:credentials-play-services-auth:1.2.0-rc01] AndroidManifest.xml:27:13-37
181            <meta-data
181-->[androidx.credentials:credentials-play-services-auth:1.2.0-rc01] AndroidManifest.xml:29:13-31:104
182                android:name="androidx.credentials.CREDENTIAL_PROVIDER_KEY"
182-->[androidx.credentials:credentials-play-services-auth:1.2.0-rc01] AndroidManifest.xml:30:17-76
183                android:value="androidx.credentials.playservices.CredentialProviderPlayServicesImpl" />
183-->[androidx.credentials:credentials-play-services-auth:1.2.0-rc01] AndroidManifest.xml:31:17-101
184        </service>
185
186        <activity
186-->[androidx.credentials:credentials-play-services-auth:1.2.0-rc01] AndroidManifest.xml:34:9-41:20
187            android:name="androidx.credentials.playservices.HiddenActivity"
187-->[androidx.credentials:credentials-play-services-auth:1.2.0-rc01] AndroidManifest.xml:35:13-76
188            android:configChanges="orientation|screenSize|screenLayout|keyboardHidden"
188-->[androidx.credentials:credentials-play-services-auth:1.2.0-rc01] AndroidManifest.xml:36:13-87
189            android:enabled="true"
189-->[androidx.credentials:credentials-play-services-auth:1.2.0-rc01] AndroidManifest.xml:37:13-35
190            android:exported="false"
190-->[androidx.credentials:credentials-play-services-auth:1.2.0-rc01] AndroidManifest.xml:38:13-37
191            android:fitsSystemWindows="true"
191-->[androidx.credentials:credentials-play-services-auth:1.2.0-rc01] AndroidManifest.xml:39:13-45
192            android:theme="@style/Theme.Hidden" >
192-->[androidx.credentials:credentials-play-services-auth:1.2.0-rc01] AndroidManifest.xml:40:13-48
193        </activity>
194        <activity
194-->[com.google.android.gms:play-services-auth:20.7.0] AndroidManifest.xml:23:9-27:75
195            android:name="com.google.android.gms.auth.api.signin.internal.SignInHubActivity"
195-->[com.google.android.gms:play-services-auth:20.7.0] AndroidManifest.xml:24:13-93
196            android:excludeFromRecents="true"
196-->[com.google.android.gms:play-services-auth:20.7.0] AndroidManifest.xml:25:13-46
197            android:exported="false"
197-->[com.google.android.gms:play-services-auth:20.7.0] AndroidManifest.xml:26:13-37
198            android:theme="@android:style/Theme.Translucent.NoTitleBar" />
198-->[com.google.android.gms:play-services-auth:20.7.0] AndroidManifest.xml:27:13-72
199        <!--
200            Service handling Google Sign-In user revocation. For apps that do not integrate with
201            Google Sign-In, this service will never be started.
202        -->
203        <service
203-->[com.google.android.gms:play-services-auth:20.7.0] AndroidManifest.xml:33:9-37:51
204            android:name="com.google.android.gms.auth.api.signin.RevocationBoundService"
204-->[com.google.android.gms:play-services-auth:20.7.0] AndroidManifest.xml:34:13-89
205            android:exported="true"
205-->[com.google.android.gms:play-services-auth:20.7.0] AndroidManifest.xml:35:13-36
206            android:permission="com.google.android.gms.auth.api.signin.permission.REVOCATION_NOTIFICATION"
206-->[com.google.android.gms:play-services-auth:20.7.0] AndroidManifest.xml:36:13-107
207            android:visibleToInstantApps="true" />
207-->[com.google.android.gms:play-services-auth:20.7.0] AndroidManifest.xml:37:13-48
208
209        <activity
209-->[com.google.android.gms:play-services-base:18.1.0] AndroidManifest.xml:20:9-22:45
210            android:name="com.google.android.gms.common.api.GoogleApiActivity"
210-->[com.google.android.gms:play-services-base:18.1.0] AndroidManifest.xml:20:19-85
211            android:exported="false"
211-->[com.google.android.gms:play-services-base:18.1.0] AndroidManifest.xml:22:19-43
212            android:theme="@android:style/Theme.Translucent.NoTitleBar" />
212-->[com.google.android.gms:play-services-base:18.1.0] AndroidManifest.xml:21:19-78
213
214        <provider
214-->[androidx.emoji2:emoji2:1.2.0] AndroidManifest.xml:24:9-32:20
215            android:name="androidx.startup.InitializationProvider"
215-->[androidx.emoji2:emoji2:1.2.0] AndroidManifest.xml:25:13-67
216            android:authorities="ucacue.edu.udipsai.androidx-startup"
216-->[androidx.emoji2:emoji2:1.2.0] AndroidManifest.xml:26:13-68
217            android:exported="false" >
217-->[androidx.emoji2:emoji2:1.2.0] AndroidManifest.xml:27:13-37
218            <meta-data
218-->[androidx.emoji2:emoji2:1.2.0] AndroidManifest.xml:29:13-31:52
219                android:name="androidx.emoji2.text.EmojiCompatInitializer"
219-->[androidx.emoji2:emoji2:1.2.0] AndroidManifest.xml:30:17-75
220                android:value="androidx.startup" />
220-->[androidx.emoji2:emoji2:1.2.0] AndroidManifest.xml:31:17-49
221            <meta-data
221-->[androidx.lifecycle:lifecycle-process:2.6.1] AndroidManifest.xml:29:13-31:52
222                android:name="androidx.lifecycle.ProcessLifecycleInitializer"
222-->[androidx.lifecycle:lifecycle-process:2.6.1] AndroidManifest.xml:30:17-78
223                android:value="androidx.startup" />
223-->[androidx.lifecycle:lifecycle-process:2.6.1] AndroidManifest.xml:31:17-49
224            <meta-data
224-->[androidx.profileinstaller:profileinstaller:1.3.0] AndroidManifest.xml:29:13-31:52
225                android:name="androidx.profileinstaller.ProfileInstallerInitializer"
225-->[androidx.profileinstaller:profileinstaller:1.3.0] AndroidManifest.xml:30:17-85
226                android:value="androidx.startup" />
226-->[androidx.profileinstaller:profileinstaller:1.3.0] AndroidManifest.xml:31:17-49
227        </provider>
228
229        <meta-data
229-->[com.google.android.gms:play-services-basement:18.4.0] AndroidManifest.xml:6:9-122
230            android:name="com.google.android.gms.version"
230-->[com.google.android.gms:play-services-basement:18.4.0] AndroidManifest.xml:6:20-65
231            android:value="@integer/google_play_services_version" />
231-->[com.google.android.gms:play-services-basement:18.4.0] AndroidManifest.xml:6:66-119
232
233        <receiver
233-->[androidx.profileinstaller:profileinstaller:1.3.0] AndroidManifest.xml:34:9-52:20
234            android:name="androidx.profileinstaller.ProfileInstallReceiver"
234-->[androidx.profileinstaller:profileinstaller:1.3.0] AndroidManifest.xml:35:13-76
235            android:directBootAware="false"
235-->[androidx.profileinstaller:profileinstaller:1.3.0] AndroidManifest.xml:36:13-44
236            android:enabled="true"
236-->[androidx.profileinstaller:profileinstaller:1.3.0] AndroidManifest.xml:37:13-35
237            android:exported="true"
237-->[androidx.profileinstaller:profileinstaller:1.3.0] AndroidManifest.xml:38:13-36
238            android:permission="android.permission.DUMP" >
238-->[androidx.profileinstaller:profileinstaller:1.3.0] AndroidManifest.xml:39:13-57
239            <intent-filter>
239-->[androidx.profileinstaller:profileinstaller:1.3.0] AndroidManifest.xml:40:13-42:29
240                <action android:name="androidx.profileinstaller.action.INSTALL_PROFILE" />
240-->[androidx.profileinstaller:profileinstaller:1.3.0] AndroidManifest.xml:41:17-91
240-->[androidx.profileinstaller:profileinstaller:1.3.0] AndroidManifest.xml:41:25-88
241            </intent-filter>
242            <intent-filter>
242-->[androidx.profileinstaller:profileinstaller:1.3.0] AndroidManifest.xml:43:13-45:29
243                <action android:name="androidx.profileinstaller.action.SKIP_FILE" />
243-->[androidx.profileinstaller:profileinstaller:1.3.0] AndroidManifest.xml:44:17-85
243-->[androidx.profileinstaller:profileinstaller:1.3.0] AndroidManifest.xml:44:25-82
244            </intent-filter>
245            <intent-filter>
245-->[androidx.profileinstaller:profileinstaller:1.3.0] AndroidManifest.xml:46:13-48:29
246                <action android:name="androidx.profileinstaller.action.SAVE_PROFILE" />
246-->[androidx.profileinstaller:profileinstaller:1.3.0] AndroidManifest.xml:47:17-88
246-->[androidx.profileinstaller:profileinstaller:1.3.0] AndroidManifest.xml:47:25-85
247            </intent-filter>
248            <intent-filter>
248-->[androidx.profileinstaller:profileinstaller:1.3.0] AndroidManifest.xml:49:13-51:29
249                <action android:name="androidx.profileinstaller.action.BENCHMARK_OPERATION" />
249-->[androidx.profileinstaller:profileinstaller:1.3.0] AndroidManifest.xml:50:17-95
249-->[androidx.profileinstaller:profileinstaller:1.3.0] AndroidManifest.xml:50:25-92
250            </intent-filter>
251        </receiver> <!-- The activities will be merged into the manifest of the hosting app. -->
252        <activity
252-->[com.google.android.play:core-common:2.0.3] AndroidManifest.xml:14:9-18:65
253            android:name="com.google.android.play.core.common.PlayCoreDialogWrapperActivity"
253-->[com.google.android.play:core-common:2.0.3] AndroidManifest.xml:15:13-93
254            android:exported="false"
254-->[com.google.android.play:core-common:2.0.3] AndroidManifest.xml:16:13-37
255            android:stateNotNeeded="true"
255-->[com.google.android.play:core-common:2.0.3] AndroidManifest.xml:17:13-42
256            android:theme="@style/Theme.PlayCore.Transparent" />
256-->[com.google.android.play:core-common:2.0.3] AndroidManifest.xml:18:13-62
257    </application>
258
259</manifest>